-------------------------------------------------------------------------------
Test set: com.kiran.practice.java.UsingCollectionsTest
-------------------------------------------------------------------------------
Tests run: 1, Failures: 0, Errors: 1, Skipped: 0, Time elapsed: 0.011 s <<< FAILURE! - in com.kiran.practice.java.UsingCollectionsTest
com.kiran.practice.java.UsingCollectionsTest  Time elapsed: 0.008 s  <<< ERROR!
org.junit.platform.commons.JUnitException: @BeforeAll method 'public void com.kiran.practice.java.UsingCollectionsTest.setUp() throws java.lang.Exception' must be static unless the test class is annotated with @TestInstance(Lifecycle.PER_CLASS).

