<?xml version="1.0" encoding="UTF-8"?>
<testsuite xmlns:xsi="http://www.w3.org/2001/XMLSchema-instance" xsi:noNamespaceSchemaLocation="https://maven.apache.org/surefire/maven-surefire-plugin/xsd/surefire-test-report.xsd" name="com.kiran.practice.java.UsingCollectionsTest" time="0.011" tests="1" errors="1" skipped="0" failures="0">
  <properties>
[...]
</properties>
  <testcase name="com.kiran.practice.java.UsingCollectionsTest" classname="com.kiran.practice.java.UsingCollectionsTest" time="0.008">
    <error message="@BeforeAll method &apos;public void com.kiran.practice.java.UsingCollectionsTest.setUp() throws java.lang.Exception&apos; must be static unless the test class is annotated with @TestInstance(Lifecycle.PER_CLASS)." type="org.junit.platform.commons.JUnitException">org.junit.platform.commons.JUnitException: @BeforeAll method 'public void com.kiran.practice.java.UsingCollectionsTest.setUp() throws java.lang.Exception' must be static unless the test class is annotated with @TestInstance(Lifecycle.PER_CLASS).
</error>
  </testcase>
</testsuite>